{
  "stats": {
    "suites": 1,
    "tests": 2,
    "passes": 2,
    "pending": 0,
    "failures": 0,
    "start": "2022-08-31T08:15:37.616Z",
    "end": "2022-08-31T08:15:47.845Z",
    "duration": 10229,
    "testsRegistered": 2,
    "passPercent": 100,
    "pendingPercent": 0,
    "other": 0,
    "hasOther": false,
    "skipped": 0,
    "hasSkipped": false
  },
  "results": [
    {
      "uuid": "15368979-d39e-4d19-bf18-e351cccbeefe",
      "title": "",
      "fullFile": "cypress\\integration\\examples\\web_tables.js",
      "file": "cypress\\integration\\examples\\web_tables.js",
      "beforeHooks": [],
      "afterHooks": [],
      "tests": [],
      "suites": [
        {
          "uuid": "2307849d-d29d-4a25-ba9d-af51dc81734b",
          "title": "Web Tables Handles in Cypress demo",
          "fullFile": "",
          "file": "",
          "beforeHooks": [],
          "afterHooks": [],
          "tests": [
            {
              "title": "Web tables in Cypress",
              "fullTitle": "Web Tables Handles in Cypress demo Web tables in Cypress",
              "timedOut": null,
              "duration": 6427,
              "state": "passed",
              "speed": "medium",
              "pass": true,
              "fail": false,
              "pending": false,
              "context": null,
              "code": "cy.visit(\"https://rahulshettyacademy.com/AutomationPractice/\");\ncy.get('table[name=\"courses\"] > tbody >tr >td:nth-child(2)').each(($ele, index, $list) => {\n  const courseText = $ele.text();\n  const rowNo = index;\n  const list_name = $list.text();\n  cy.log(courseText);\n  cy.log(rowNo);\n  cy.log(list_name);\n  if (courseText.includes('Python')) {\n    cy.get('table[name=\"courses\"] > tbody >tr >td:nth-child(2)').eq(index).next().then(function (price) {\n      const priceText = price.text();\n      expect(priceText).to.equal('25');\n    });\n  }\n});",
              "err": {},
              "uuid": "f06fcd97-5ec1-48cd-997c-c9d004730133",
              "parentUUID": "2307849d-d29d-4a25-ba9d-af51dc81734b",
              "isHook": false,
              "skipped": false
            },
            {
              "title": "Web tables princt content in Cypress",
              "fullTitle": "Web Tables Handles in Cypress demo Web tables princt content in Cypress",
              "timedOut": null,
              "duration": 1721,
              "state": "passed",
              "speed": "fast",
              "pass": true,
              "fail": false,
              "pending": false,
              "context": null,
              "code": "cy.visit(\"https://rahulshettyacademy.com/AutomationPractice/\");\ncy.get('#product').find('tr').each(($ele, index, $list) => {\n  cy.log(index);\n  const instructor = $ele.find('th:nth-child(1)').text();\n  const course = $ele.find('th:nth-child(2)').text();\n  const price = $ele.find('th:nth-child(2)').text();\n  const instructor_name = $ele.find('td:nth-child(1)').text();\n  const course_name = $ele.find('td:nth-child(2)').text();\n  const course_price = $ele.find('td:nth-child(3)').text();\n  cy.log(instructor + \" | \" + course + \" | \" + price);\n  cy.log(instructor_name + \" | \" + course_name + \" | \" + course_price); // cy.log(course_name)\n  // cy.log(price)\n  if (course_name.includes('Python')) {\n    const price_text = $ele.find('td:nth-child(2)').next().text();\n    cy.log(price_text);\n    expect(price_text).to.equal('25');\n  }\n});",
              "err": {},
              "uuid": "da0e0bf0-d8cd-4bed-a7bb-41bdc20c8ea2",
              "parentUUID": "2307849d-d29d-4a25-ba9d-af51dc81734b",
              "isHook": false,
              "skipped": false
            }
          ],
          "suites": [],
          "passes": [
            "f06fcd97-5ec1-48cd-997c-c9d004730133",
            "da0e0bf0-d8cd-4bed-a7bb-41bdc20c8ea2"
          ],
          "failures": [],
          "pending": [],
          "skipped": [],
          "duration": 8148,
          "root": false,
          "rootEmpty": false,
          "_timeout": 2000
        }
      ],
      "passes": [],
      "failures": [],
      "pending": [],
      "skipped": [],
      "duration": 0,
      "root": true,
      "rootEmpty": true,
      "_timeout": 2000
    }
  ],
  "meta": {
    "mocha": {
      "version": "7.0.1"
    },
    "mochawesome": {
      "options": {
        "quiet": false,
        "reportFilename": "mochawesome",
        "saveHtml": true,
        "saveJson": true,
        "consoleReporter": "spec",
        "useInlineDiffs": false,
        "code": true
      },
      "version": "7.1.3"
    },
    "marge": {
      "options": null,
      "version": "6.2.0"
    }
  }
}