{
  "stats": {
    "suites": 1,
    "tests": 1,
    "passes": 1,
    "pending": 0,
    "failures": 0,
    "start": "2022-08-31T09:23:42.082Z",
    "end": "2022-08-31T09:23:44.345Z",
    "duration": 2263,
    "testsRegistered": 1,
    "passPercent": 100,
    "pendingPercent": 0,
    "other": 0,
    "hasOther": false,
    "skipped": 0,
    "hasSkipped": false
  },
  "results": [
    {
      "uuid": "6b160d01-111c-4316-85ba-914f70f2ffa7",
      "title": "",
      "fullFile": "cypress\\integration\\Framework_Stuff\\HomePageTest.js",
      "file": "cypress\\integration\\Framework_Stuff\\HomePageTest.js",
      "beforeHooks": [],
      "afterHooks": [],
      "tests": [],
      "suites": [
        {
          "uuid": "e7a03fd8-26d2-48c2-93ab-19a6589697e0",
          "title": "Home Page POM Approach Suite",
          "fullFile": "",
          "file": "",
          "beforeHooks": [],
          "afterHooks": [],
          "tests": [
            {
              "title": "automate home Page with Page object",
              "fullTitle": "Home Page POM Approach Suite automate home Page with Page object",
              "timedOut": null,
              "duration": 1058,
              "state": "passed",
              "speed": "fast",
              "pass": true,
              "fail": false,
              "pending": false,
              "context": null,
              "code": "const homePage_Obj_Repo = new _HomePage_Obj_Repo.default();\ncy.visit('https://rahulshettyacademy.com/angularpractice/');\nhomePage_Obj_Repo.getName().type('Bob');\nhomePage_Obj_Repo.getEmail('bob@gmail.com');\nhomePage_Obj_Repo.getPassword('bob@123');\nhomePage_Obj_Repo.selectGender().select('Male');\nhomePage_Obj_Repo.getCheckBoxIceCream().check().should(\"be.checked\");\nhomePage_Obj_Repo.getTwoWayBinding().should('have.value', 'Bob');\nhomePage_Obj_Repo.getSubmitBtn().click();\nhomePage_Obj_Repo.getSuccessMsg().then(function (ele) {\n  cy.log(ele.text());\n  const successMessage = ele.text();\n  expect(successMessage).include('Success! The Form has been submitted successfully!.');\n});",
              "err": {},
              "uuid": "405c453f-db37-4215-b824-d32d1705ccdb",
              "parentUUID": "e7a03fd8-26d2-48c2-93ab-19a6589697e0",
              "isHook": false,
              "skipped": false
            }
          ],
          "suites": [],
          "passes": [
            "405c453f-db37-4215-b824-d32d1705ccdb"
          ],
          "failures": [],
          "pending": [],
          "skipped": [],
          "duration": 1058,
          "root": false,
          "rootEmpty": false,
          "_timeout": 2000
        }
      ],
      "passes": [],
      "failures": [],
      "pending": [],
      "skipped": [],
      "duration": 0,
      "root": true,
      "rootEmpty": true,
      "_timeout": 2000
    }
  ],
  "meta": {
    "mocha": {
      "version": "7.0.1"
    },
    "mochawesome": {
      "options": {
        "quiet": false,
        "reportFilename": "mochawesome",
        "saveHtml": true,
        "saveJson": true,
        "consoleReporter": "spec",
        "useInlineDiffs": false,
        "code": true
      },
      "version": "7.1.3"
    },
    "marge": {
      "options": null,
      "version": "6.2.0"
    }
  }
}